-------------------------------------------------------------------------------
Test set: ch.zli.m223.ApplicationUserResourceTest
-------------------------------------------------------------------------------
Tests run: 4, Failures: 0, Errors: 1, Skipped: 3, Time elapsed: 8.201 s <<< FAILURE! - in ch.zli.m223.ApplicationUserResourceTest
ch.zli.m223.ApplicationUserResourceTest.testPostEndpoint  Time elapsed: 0.021 s  <<< ERROR!
java.lang.RuntimeException: 
java.lang.RuntimeException: io.quarkus.builder.BuildException: Build failure: Build failed due to errors
	[error]: Build step io.quarkus.deployment.steps.ClassTransformingBuildStep#handleClassTransformation threw an exception: java.lang.IllegalStateException: java.util.concurrent.ExecutionException: org.hibernate.bytecode.enhance.spi.EnhancementException: Failed to enhance class ch.zli.m223.model.Tag
	at io.quarkus.deployment.ExtensionLoader$3.execute(ExtensionLoader.java:918)
	at io.quarkus.builder.BuildContext.run(BuildContext.java:281)
	at org.jboss.threads.ContextHandler$1.runWith(ContextHandler.java:18)
	at org.jboss.threads.EnhancedQueueExecutor$Task.run(EnhancedQueueExecutor.java:2449)
	at org.jboss.threads.EnhancedQueueExecutor$ThreadBody.run(EnhancedQueueExecutor.java:1478)
	at java.base/java.lang.Thread.run(Thread.java:1575)
	at org.jboss.threads.JBossThread.run(JBossThread.java:501)
Caused by: java.util.concurrent.ExecutionException: org.hibernate.bytecode.enhance.spi.EnhancementException: Failed to enhance class ch.zli.m223.model.Tag
	at java.base/java.util.concurrent.FutureTask.report(FutureTask.java:122)
	at java.base/java.util.concurrent.FutureTask.get(FutureTask.java:191)
	at io.quarkus.deployment.steps.ClassTransformingBuildStep.handleClassTransformation(ClassTransformingBuildStep.java:258)
	at java.base/jdk.internal.reflect.DirectMethodHandleAccessor.invoke(DirectMethodHandleAccessor.java:103)
	at java.base/java.lang.reflect.Method.invoke(Method.java:580)
	at io.quarkus.deployment.ExtensionLoader$3.execute(ExtensionLoader.java:909)
	... 6 more
Caused by: org.hibernate.bytecode.enhance.spi.EnhancementException: Failed to enhance class ch.zli.m223.model.Tag
	at org.hibernate.bytecode.enhance.internal.bytebuddy.EnhancerImpl.enhance(EnhancerImpl.java:138)
	at io.quarkus.hibernate.orm.deployment.HibernateEntityEnhancer$HibernateEnhancingClassVisitor.hibernateEnhancement(HibernateEntityEnhancer.java:86)
	at io.quarkus.hibernate.orm.deployment.HibernateEntityEnhancer$HibernateEnhancingClassVisitor.visitEnd(HibernateEntityEnhancer.java:79)
	at org.objectweb.asm.ClassReader.accept(ClassReader.java:748)
	at org.objectweb.asm.ClassReader.accept(ClassReader.java:424)
	at io.quarkus.deployment.steps.ClassTransformingBuildStep.transformClass(ClassTransformingBuildStep.java:352)
	at io.quarkus.deployment.steps.ClassTransformingBuildStep$2.call(ClassTransformingBuildStep.java:223)
	at io.quarkus.deployment.steps.ClassTransformingBuildStep$2.call(ClassTransformingBuildStep.java:210)
	at java.base/java.util.concurrent.FutureTask.run(FutureTask.java:317)
	... 5 more
Caused by: java.lang.IllegalArgumentException: Java 23 (67) is not supported by the current version of Byte Buddy which officially supports Java 19 (63) - update Byte Buddy or set net.bytebuddy.experimental as a VM property
	at net.bytebuddy.utility.OpenedClassReader.of(OpenedClassReader.java:96)
	at net.bytebuddy.pool.TypePool$Default.parse(TypePool.java:855)
	at net.bytebuddy.pool.TypePool$Default.doDescribe(TypePool.java:841)
	at net.bytebuddy.pool.TypePool$Default$WithLazyResolution.access$001(TypePool.java:921)
	at net.bytebuddy.pool.TypePool$Default$WithLazyResolution.doResolve(TypePool.java:1019)
	at net.bytebuddy.pool.TypePool$Default$WithLazyResolution$LazyTypeDescription.delegate(TypePool.java:1088)
	at net.bytebuddy.description.type.TypeDescription$AbstractBase$OfSimpleType$WithDelegation.getEnclosingType(TypeDescription.java:8396)
	at net.bytebuddy.pool.TypePool$Default$LazyTypeDescription$GenericTypeToken$ForParameterizedType$LazyParameterizedType.getOwnerType(TypePool.java:5409)
	at net.bytebuddy.description.type.TypeDescription$Generic$Visitor$Substitutor.onParameterizedType(TypeDescription.java:1876)
	at net.bytebuddy.description.type.TypeDescription$Generic$Visitor$Substitutor$ForDetachment.onParameterizedType(TypeDescription.java:2049)
	at net.bytebuddy.description.type.TypeDescription$Generic$OfParameterizedType.accept(TypeDescription.java:5057)
	at net.bytebuddy.description.type.TypeDescription$Generic$LazyProjection.accept(TypeDescription.java:6220)
	at net.bytebuddy.description.field.FieldDescription$AbstractBase.asToken(FieldDescription.java:195)
	at net.bytebuddy.description.field.FieldDescription$AbstractBase.asToken(FieldDescription.java:118)
	at net.bytebuddy.description.field.FieldList$AbstractBase.asTokenList(FieldList.java:64)
	at net.bytebuddy.dynamic.scaffold.InstrumentedType$Factory$Default$1.represent(InstrumentedType.java:436)
	at net.bytebuddy.ByteBuddy.redefine(ByteBuddy.java:886)
	at org.hibernate.bytecode.enhance.internal.bytebuddy.EnhancerImpl.lambda$enhance$0(EnhancerImpl.java:133)
	at org.hibernate.bytecode.internal.bytebuddy.ByteBuddyState.rewrite(ByteBuddyState.java:145)
	at org.hibernate.bytecode.enhance.internal.bytebuddy.EnhancerImpl.enhance(EnhancerImpl.java:132)
	... 13 more

	at io.quarkus.test.junit.QuarkusTestExtension.throwBootFailureException(QuarkusTestExtension.java:698)
	at io.quarkus.test.junit.QuarkusTestExtension.interceptTestClassConstructor(QuarkusTestExtension.java:769)
	at org.junit.jupiter.engine.execution.InterceptingExecutableInvoker.lambda$invoke$0(InterceptingExecutableInvoker.java:93)
	at org.junit.jupiter.engine.execution.InvocationInterceptorChain$InterceptedInvocation.proceed(InvocationInterceptorChain.java:106)
	at org.junit.jupiter.api.extension.InvocationInterceptor.interceptTestClassConstructor(InvocationInterceptor.java:73)
	at org.junit.jupiter.engine.execution.InterceptingExecutableInvoker.lambda$invoke$0(InterceptingExecutableInvoker.java:93)
	at org.junit.jupiter.engine.execution.InvocationInterceptorChain$InterceptedInvocation.proceed(InvocationInterceptorChain.java:106)
	at org.junit.jupiter.engine.execution.InvocationInterceptorChain.proceed(InvocationInterceptorChain.java:64)
	at org.junit.jupiter.engine.execution.InvocationInterceptorChain.chainAndInvoke(InvocationInterceptorChain.java:45)
	at org.junit.jupiter.engine.execution.InvocationInterceptorChain.invoke(InvocationInterceptorChain.java:37)
	at org.junit.jupiter.engine.execution.InterceptingExecutableInvoker.invoke(InterceptingExecutableInvoker.java:92)
	at org.junit.jupiter.engine.execution.InterceptingExecutableInvoker.invoke(InterceptingExecutableInvoker.java:62)
	at org.junit.jupiter.engine.descriptor.ClassBasedTestDescriptor.invokeTestClassConstructor(ClassBasedTestDescriptor.java:363)
	at org.junit.jupiter.engine.descriptor.ClassBasedTestDescriptor.instantiateTestClass(ClassBasedTestDescriptor.java:310)
	at org.junit.jupiter.engine.descriptor.ClassTestDescriptor.instantiateTestClass(ClassTestDescriptor.java:79)
	at org.junit.jupiter.engine.descriptor.ClassBasedTestDescriptor.instantiateAndPostProcessTestInstance(ClassBasedTestDescriptor.java:286)
	at org.junit.jupiter.engine.descriptor.ClassBasedTestDescriptor.lambda$testInstancesProvider$4(ClassBasedTestDescriptor.java:278)
	at java.base/java.util.Optional.orElseGet(Optional.java:364)
	at org.junit.jupiter.engine.descriptor.ClassBasedTestDescriptor.lambda$testInstancesProvider$5(ClassBasedTestDescriptor.java:277)
	at org.junit.jupiter.engine.execution.TestInstancesProvider.getTestInstances(TestInstancesProvider.java:31)
	at org.junit.jupiter.engine.descriptor.TestMethodTestDescriptor.lambda$prepare$0(TestMethodTestDescriptor.java:105)
	at org.junit.platform.engine.support.hierarchical.ThrowableCollector.execute(ThrowableCollector.java:73)
	at org.junit.jupiter.engine.descriptor.TestMethodTestDescriptor.prepare(TestMethodTestDescriptor.java:104)
	at org.junit.jupiter.engine.descriptor.TestMethodTestDescriptor.prepare(TestMethodTestDescriptor.java:68)
	at org.junit.platform.engine.support.hierarchical.NodeTestTask.lambda$prepare$2(NodeTestTask.java:123)
	at org.junit.platform.engine.support.hierarchical.ThrowableCollector.execute(ThrowableCollector.java:73)
	at org.junit.platform.engine.support.hierarchical.NodeTestTask.prepare(NodeTestTask.java:123)
	at org.junit.platform.engine.support.hierarchical.NodeTestTask.execute(NodeTestTask.java:90)
	at java.base/java.util.ArrayList.forEach(ArrayList.java:1597)
	at org.junit.platform.engine.support.hierarchical.SameThreadHierarchicalTestExecutorService.invokeAll(SameThreadHierarchicalTestExecutorService.java:41)
	at org.junit.platform.engine.support.hierarchical.NodeTestTask.lambda$executeRecursively$6(NodeTestTask.java:155)
	at org.junit.platform.engine.support.hierarchical.ThrowableCollector.execute(ThrowableCollector.java:73)
	at org.junit.platform.engine.support.hierarchical.NodeTestTask.lambda$executeRecursively$8(NodeTestTask.java:141)
	at org.junit.platform.engine.support.hierarchical.Node.around(Node.java:137)
	at org.junit.platform.engine.support.hierarchical.NodeTestTask.lambda$executeRecursively$9(NodeTestTask.java:139)
	at org.junit.platform.engine.support.hierarchical.ThrowableCollector.execute(ThrowableCollector.java:73)
	at org.junit.platform.engine.support.hierarchical.NodeTestTask.executeRecursively(NodeTestTask.java:138)
	at org.junit.platform.engine.support.hierarchical.NodeTestTask.execute(NodeTestTask.java:95)
	at java.base/java.util.ArrayList.forEach(ArrayList.java:1597)
	at org.junit.platform.engine.support.hierarchical.SameThreadHierarchicalTestExecutorService.invokeAll(SameThreadHierarchicalTestExecutorService.java:41)
	at org.junit.platform.engine.support.hierarchical.NodeTestTask.lambda$executeRecursively$6(NodeTestTask.java:155)
	at org.junit.platform.engine.support.hierarchical.ThrowableCollector.execute(ThrowableCollector.java:73)
	at org.junit.platform.engine.support.hierarchical.NodeTestTask.lambda$executeRecursively$8(NodeTestTask.java:141)
	at org.junit.platform.engine.support.hierarchical.Node.around(Node.java:137)
	at org.junit.platform.engine.support.hierarchical.NodeTestTask.lambda$executeRecursively$9(NodeTestTask.java:139)
	at org.junit.platform.engine.support.hierarchical.ThrowableCollector.execute(ThrowableCollector.java:73)
	at org.junit.platform.engine.support.hierarchical.NodeTestTask.executeRecursively(NodeTestTask.java:138)
	at org.junit.platform.engine.support.hierarchical.NodeTestTask.execute(NodeTestTask.java:95)
	at org.junit.platform.engine.support.hierarchical.SameThreadHierarchicalTestExecutorService.submit(SameThreadHierarchicalTestExecutorService.java:35)
	at org.junit.platform.engine.support.hierarchical.HierarchicalTestExecutor.execute(HierarchicalTestExecutor.java:57)
	at org.junit.platform.engine.support.hierarchical.HierarchicalTestEngine.execute(HierarchicalTestEngine.java:54)
	at org.junit.platform.launcher.core.EngineExecutionOrchestrator.execute(EngineExecutionOrchestrator.java:147)
	at org.junit.platform.launcher.core.EngineExecutionOrchestrator.execute(EngineExecutionOrchestrator.java:127)
	at org.junit.platform.launcher.core.EngineExecutionOrchestrator.execute(EngineExecutionOrchestrator.java:90)
	at org.junit.platform.launcher.core.EngineExecutionOrchestrator.lambda$execute$0(EngineExecutionOrchestrator.java:55)
	at org.junit.platform.launcher.core.EngineExecutionOrchestrator.withInterceptedStreams(EngineExecutionOrchestrator.java:102)
	at org.junit.platform.launcher.core.EngineExecutionOrchestrator.execute(EngineExecutionOrchestrator.java:54)
	at org.junit.platform.launcher.core.DefaultLauncher.execute(DefaultLauncher.java:114)
	at org.junit.platform.launcher.core.DefaultLauncher.execute(DefaultLauncher.java:86)
	at org.junit.platform.launcher.core.DefaultLauncherSession$DelegatingLauncher.execute(DefaultLauncherSession.java:86)
	at org.apache.maven.surefire.junitplatform.LazyLauncher.execute(LazyLauncher.java:55)
	at org.apache.maven.surefire.junitplatform.JUnitPlatformProvider.execute(JUnitPlatformProvider.java:223)
	at org.apache.maven.surefire.junitplatform.JUnitPlatformProvider.invokeAllTests(JUnitPlatformProvider.java:175)
	at org.apache.maven.surefire.junitplatform.JUnitPlatformProvider.invoke(JUnitPlatformProvider.java:139)
	at org.apache.maven.surefire.booter.ForkedBooter.runSuitesInProcess(ForkedBooter.java:456)
	at org.apache.maven.surefire.booter.ForkedBooter.execute(ForkedBooter.java:169)
	at org.apache.maven.surefire.booter.ForkedBooter.run(ForkedBooter.java:595)
	at org.apache.maven.surefire.booter.ForkedBooter.main(ForkedBooter.java:581)
Caused by: java.lang.RuntimeException: io.quarkus.builder.BuildException: Build failure: Build failed due to errors
	[error]: Build step io.quarkus.deployment.steps.ClassTransformingBuildStep#handleClassTransformation threw an exception: java.lang.IllegalStateException: java.util.concurrent.ExecutionException: org.hibernate.bytecode.enhance.spi.EnhancementException: Failed to enhance class ch.zli.m223.model.Tag
	at io.quarkus.deployment.ExtensionLoader$3.execute(ExtensionLoader.java:918)
	at io.quarkus.builder.BuildContext.run(BuildContext.java:281)
	at org.jboss.threads.ContextHandler$1.runWith(ContextHandler.java:18)
	at org.jboss.threads.EnhancedQueueExecutor$Task.run(EnhancedQueueExecutor.java:2449)
	at org.jboss.threads.EnhancedQueueExecutor$ThreadBody.run(EnhancedQueueExecutor.java:1478)
	at java.base/java.lang.Thread.run(Thread.java:1575)
	at org.jboss.threads.JBossThread.run(JBossThread.java:501)
Caused by: java.util.concurrent.ExecutionException: org.hibernate.bytecode.enhance.spi.EnhancementException: Failed to enhance class ch.zli.m223.model.Tag
	at java.base/java.util.concurrent.FutureTask.report(FutureTask.java:122)
	at java.base/java.util.concurrent.FutureTask.get(FutureTask.java:191)
	at io.quarkus.deployment.steps.ClassTransformingBuildStep.handleClassTransformation(ClassTransformingBuildStep.java:258)
	at java.base/jdk.internal.reflect.DirectMethodHandleAccessor.invoke(DirectMethodHandleAccessor.java:103)
	at java.base/java.lang.reflect.Method.invoke(Method.java:580)
	at io.quarkus.deployment.ExtensionLoader$3.execute(ExtensionLoader.java:909)
	... 6 more
Caused by: org.hibernate.bytecode.enhance.spi.EnhancementException: Failed to enhance class ch.zli.m223.model.Tag
	at org.hibernate.bytecode.enhance.internal.bytebuddy.EnhancerImpl.enhance(EnhancerImpl.java:138)
	at io.quarkus.hibernate.orm.deployment.HibernateEntityEnhancer$HibernateEnhancingClassVisitor.hibernateEnhancement(HibernateEntityEnhancer.java:86)
	at io.quarkus.hibernate.orm.deployment.HibernateEntityEnhancer$HibernateEnhancingClassVisitor.visitEnd(HibernateEntityEnhancer.java:79)
	at org.objectweb.asm.ClassReader.accept(ClassReader.java:748)
	at org.objectweb.asm.ClassReader.accept(ClassReader.java:424)
	at io.quarkus.deployment.steps.ClassTransformingBuildStep.transformClass(ClassTransformingBuildStep.java:352)
	at io.quarkus.deployment.steps.ClassTransformingBuildStep$2.call(ClassTransformingBuildStep.java:223)
	at io.quarkus.deployment.steps.ClassTransformingBuildStep$2.call(ClassTransformingBuildStep.java:210)
	at java.base/java.util.concurrent.FutureTask.run(FutureTask.java:317)
	... 5 more
Caused by: java.lang.IllegalArgumentException: Java 23 (67) is not supported by the current version of Byte Buddy which officially supports Java 19 (63) - update Byte Buddy or set net.bytebuddy.experimental as a VM property
	at net.bytebuddy.utility.OpenedClassReader.of(OpenedClassReader.java:96)
	at net.bytebuddy.pool.TypePool$Default.parse(TypePool.java:855)
	at net.bytebuddy.pool.TypePool$Default.doDescribe(TypePool.java:841)
	at net.bytebuddy.pool.TypePool$Default$WithLazyResolution.access$001(TypePool.java:921)
	at net.bytebuddy.pool.TypePool$Default$WithLazyResolution.doResolve(TypePool.java:1019)
	at net.bytebuddy.pool.TypePool$Default$WithLazyResolution$LazyTypeDescription.delegate(TypePool.java:1088)
	at net.bytebuddy.description.type.TypeDescription$AbstractBase$OfSimpleType$WithDelegation.getEnclosingType(TypeDescription.java:8396)
	at net.bytebuddy.pool.TypePool$Default$LazyTypeDescription$GenericTypeToken$ForParameterizedType$LazyParameterizedType.getOwnerType(TypePool.java:5409)
	at net.bytebuddy.description.type.TypeDescription$Generic$Visitor$Substitutor.onParameterizedType(TypeDescription.java:1876)
	at net.bytebuddy.description.type.TypeDescription$Generic$Visitor$Substitutor$ForDetachment.onParameterizedType(TypeDescription.java:2049)
	at net.bytebuddy.description.type.TypeDescription$Generic$OfParameterizedType.accept(TypeDescription.java:5057)
	at net.bytebuddy.description.type.TypeDescription$Generic$LazyProjection.accept(TypeDescription.java:6220)
	at net.bytebuddy.description.field.FieldDescription$AbstractBase.asToken(FieldDescription.java:195)
	at net.bytebuddy.description.field.FieldDescription$AbstractBase.asToken(FieldDescription.java:118)
	at net.bytebuddy.description.field.FieldList$AbstractBase.asTokenList(FieldList.java:64)
	at net.bytebuddy.dynamic.scaffold.InstrumentedType$Factory$Default$1.represent(InstrumentedType.java:436)
	at net.bytebuddy.ByteBuddy.redefine(ByteBuddy.java:886)
	at org.hibernate.bytecode.enhance.internal.bytebuddy.EnhancerImpl.lambda$enhance$0(EnhancerImpl.java:133)
	at org.hibernate.bytecode.internal.bytebuddy.ByteBuddyState.rewrite(ByteBuddyState.java:145)
	at org.hibernate.bytecode.enhance.internal.bytebuddy.EnhancerImpl.enhance(EnhancerImpl.java:132)
	... 13 more

	at io.quarkus.runner.bootstrap.AugmentActionImpl.runAugment(AugmentActionImpl.java:330)
	at io.quarkus.runner.bootstrap.AugmentActionImpl.createInitialRuntimeApplication(AugmentActionImpl.java:252)
	at io.quarkus.runner.bootstrap.AugmentActionImpl.createInitialRuntimeApplication(AugmentActionImpl.java:60)
	at io.quarkus.test.junit.QuarkusTestExtension.doJavaStart(QuarkusTestExtension.java:234)
	at io.quarkus.test.junit.QuarkusTestExtension.ensureStarted(QuarkusTestExtension.java:675)
	at io.quarkus.test.junit.QuarkusTestExtension.beforeAll(QuarkusTestExtension.java:713)
	at org.junit.jupiter.engine.descriptor.ClassBasedTestDescriptor.lambda$invokeBeforeAllCallbacks$12(ClassBasedTestDescriptor.java:395)
	at org.junit.platform.engine.support.hierarchical.ThrowableCollector.execute(ThrowableCollector.java:73)
	at org.junit.jupiter.engine.descriptor.ClassBasedTestDescriptor.invokeBeforeAllCallbacks(ClassBasedTestDescriptor.java:395)
	at org.junit.jupiter.engine.descriptor.ClassBasedTestDescriptor.before(ClassBasedTestDescriptor.java:211)
	at org.junit.jupiter.engine.descriptor.ClassBasedTestDescriptor.before(ClassBasedTestDescriptor.java:84)
	at org.junit.platform.engine.support.hierarchical.NodeTestTask.lambda$executeRecursively$6(NodeTestTask.java:148)
	... 37 more
Caused by: io.quarkus.builder.BuildException: Build failure: Build failed due to errors
	[error]: Build step io.quarkus.deployment.steps.ClassTransformingBuildStep#handleClassTransformation threw an exception: java.lang.IllegalStateException: java.util.concurrent.ExecutionException: org.hibernate.bytecode.enhance.spi.EnhancementException: Failed to enhance class ch.zli.m223.model.Tag
	at io.quarkus.deployment.ExtensionLoader$3.execute(ExtensionLoader.java:918)
	at io.quarkus.builder.BuildContext.run(BuildContext.java:281)
	at org.jboss.threads.ContextHandler$1.runWith(ContextHandler.java:18)
	at org.jboss.threads.EnhancedQueueExecutor$Task.run(EnhancedQueueExecutor.java:2449)
	at org.jboss.threads.EnhancedQueueExecutor$ThreadBody.run(EnhancedQueueExecutor.java:1478)
	at java.base/java.lang.Thread.run(Thread.java:1575)
	at org.jboss.threads.JBossThread.run(JBossThread.java:501)
Caused by: java.util.concurrent.ExecutionException: org.hibernate.bytecode.enhance.spi.EnhancementException: Failed to enhance class ch.zli.m223.model.Tag
	at java.base/java.util.concurrent.FutureTask.report(FutureTask.java:122)
	at java.base/java.util.concurrent.FutureTask.get(FutureTask.java:191)
	at io.quarkus.deployment.steps.ClassTransformingBuildStep.handleClassTransformation(ClassTransformingBuildStep.java:258)
	at java.base/jdk.internal.reflect.DirectMethodHandleAccessor.invoke(DirectMethodHandleAccessor.java:103)
	at java.base/java.lang.reflect.Method.invoke(Method.java:580)
	at io.quarkus.deployment.ExtensionLoader$3.execute(ExtensionLoader.java:909)
	... 6 more
Caused by: org.hibernate.bytecode.enhance.spi.EnhancementException: Failed to enhance class ch.zli.m223.model.Tag
	at org.hibernate.bytecode.enhance.internal.bytebuddy.EnhancerImpl.enhance(EnhancerImpl.java:138)
	at io.quarkus.hibernate.orm.deployment.HibernateEntityEnhancer$HibernateEnhancingClassVisitor.hibernateEnhancement(HibernateEntityEnhancer.java:86)
	at io.quarkus.hibernate.orm.deployment.HibernateEntityEnhancer$HibernateEnhancingClassVisitor.visitEnd(HibernateEntityEnhancer.java:79)
	at org.objectweb.asm.ClassReader.accept(ClassReader.java:748)
	at org.objectweb.asm.ClassReader.accept(ClassReader.java:424)
	at io.quarkus.deployment.steps.ClassTransformingBuildStep.transformClass(ClassTransformingBuildStep.java:352)
	at io.quarkus.deployment.steps.ClassTransformingBuildStep$2.call(ClassTransformingBuildStep.java:223)
	at io.quarkus.deployment.steps.ClassTransformingBuildStep$2.call(ClassTransformingBuildStep.java:210)
	at java.base/java.util.concurrent.FutureTask.run(FutureTask.java:317)
	... 5 more
Caused by: java.lang.IllegalArgumentException: Java 23 (67) is not supported by the current version of Byte Buddy which officially supports Java 19 (63) - update Byte Buddy or set net.bytebuddy.experimental as a VM property
	at net.bytebuddy.utility.OpenedClassReader.of(OpenedClassReader.java:96)
	at net.bytebuddy.pool.TypePool$Default.parse(TypePool.java:855)
	at net.bytebuddy.pool.TypePool$Default.doDescribe(TypePool.java:841)
	at net.bytebuddy.pool.TypePool$Default$WithLazyResolution.access$001(TypePool.java:921)
	at net.bytebuddy.pool.TypePool$Default$WithLazyResolution.doResolve(TypePool.java:1019)
	at net.bytebuddy.pool.TypePool$Default$WithLazyResolution$LazyTypeDescription.delegate(TypePool.java:1088)
	at net.bytebuddy.description.type.TypeDescription$AbstractBase$OfSimpleType$WithDelegation.getEnclosingType(TypeDescription.java:8396)
	at net.bytebuddy.pool.TypePool$Default$LazyTypeDescription$GenericTypeToken$ForParameterizedType$LazyParameterizedType.getOwnerType(TypePool.java:5409)
	at net.bytebuddy.description.type.TypeDescription$Generic$Visitor$Substitutor.onParameterizedType(TypeDescription.java:1876)
	at net.bytebuddy.description.type.TypeDescription$Generic$Visitor$Substitutor$ForDetachment.onParameterizedType(TypeDescription.java:2049)
	at net.bytebuddy.description.type.TypeDescription$Generic$OfParameterizedType.accept(TypeDescription.java:5057)
	at net.bytebuddy.description.type.TypeDescription$Generic$LazyProjection.accept(TypeDescription.java:6220)
	at net.bytebuddy.description.field.FieldDescription$AbstractBase.asToken(FieldDescription.java:195)
	at net.bytebuddy.description.field.FieldDescription$AbstractBase.asToken(FieldDescription.java:118)
	at net.bytebuddy.description.field.FieldList$AbstractBase.asTokenList(FieldList.java:64)
	at net.bytebuddy.dynamic.scaffold.InstrumentedType$Factory$Default$1.represent(InstrumentedType.java:436)
	at net.bytebuddy.ByteBuddy.redefine(ByteBuddy.java:886)
	at org.hibernate.bytecode.enhance.internal.bytebuddy.EnhancerImpl.lambda$enhance$0(EnhancerImpl.java:133)
	at org.hibernate.bytecode.internal.bytebuddy.ByteBuddyState.rewrite(ByteBuddyState.java:145)
	at org.hibernate.bytecode.enhance.internal.bytebuddy.EnhancerImpl.enhance(EnhancerImpl.java:132)
	... 13 more

	at io.quarkus.builder.Execution.run(Execution.java:123)
	at io.quarkus.builder.BuildExecutionBuilder.execute(BuildExecutionBuilder.java:79)
	at io.quarkus.deployment.QuarkusAugmentor.run(QuarkusAugmentor.java:158)
	at io.quarkus.runner.bootstrap.AugmentActionImpl.runAugment(AugmentActionImpl.java:328)
	... 48 more
Caused by: java.lang.IllegalStateException: java.util.concurrent.ExecutionException: org.hibernate.bytecode.enhance.spi.EnhancementException: Failed to enhance class ch.zli.m223.model.Tag
	at io.quarkus.deployment.ExtensionLoader$3.execute(ExtensionLoader.java:918)
	at io.quarkus.builder.BuildContext.run(BuildContext.java:281)
	at org.jboss.threads.ContextHandler$1.runWith(ContextHandler.java:18)
	at org.jboss.threads.EnhancedQueueExecutor$Task.run(EnhancedQueueExecutor.java:2449)
	at org.jboss.threads.EnhancedQueueExecutor$ThreadBody.run(EnhancedQueueExecutor.java:1478)
	at java.base/java.lang.Thread.run(Thread.java:1575)
	at org.jboss.threads.JBossThread.run(JBossThread.java:501)
Caused by: java.util.concurrent.ExecutionException: org.hibernate.bytecode.enhance.spi.EnhancementException: Failed to enhance class ch.zli.m223.model.Tag
	at java.base/java.util.concurrent.FutureTask.report(FutureTask.java:122)
	at java.base/java.util.concurrent.FutureTask.get(FutureTask.java:191)
	at io.quarkus.deployment.steps.ClassTransformingBuildStep.handleClassTransformation(ClassTransformingBuildStep.java:258)
	at java.base/jdk.internal.reflect.DirectMethodHandleAccessor.invoke(DirectMethodHandleAccessor.java:103)
	at java.base/java.lang.reflect.Method.invoke(Method.java:580)
	at io.quarkus.deployment.ExtensionLoader$3.execute(ExtensionLoader.java:909)
	... 6 more
Caused by: org.hibernate.bytecode.enhance.spi.EnhancementException: Failed to enhance class ch.zli.m223.model.Tag
	at org.hibernate.bytecode.enhance.internal.bytebuddy.EnhancerImpl.enhance(EnhancerImpl.java:138)
	at io.quarkus.hibernate.orm.deployment.HibernateEntityEnhancer$HibernateEnhancingClassVisitor.hibernateEnhancement(HibernateEntityEnhancer.java:86)
	at io.quarkus.hibernate.orm.deployment.HibernateEntityEnhancer$HibernateEnhancingClassVisitor.visitEnd(HibernateEntityEnhancer.java:79)
	at org.objectweb.asm.ClassReader.accept(ClassReader.java:748)
	at org.objectweb.asm.ClassReader.accept(ClassReader.java:424)
	at io.quarkus.deployment.steps.ClassTransformingBuildStep.transformClass(ClassTransformingBuildStep.java:352)
	at io.quarkus.deployment.steps.ClassTransformingBuildStep$2.call(ClassTransformingBuildStep.java:223)
	at io.quarkus.deployment.steps.ClassTransformingBuildStep$2.call(ClassTransformingBuildStep.java:210)
	at java.base/java.util.concurrent.FutureTask.run(FutureTask.java:317)
	... 5 more
Caused by: java.lang.IllegalArgumentException: Java 23 (67) is not supported by the current version of Byte Buddy which officially supports Java 19 (63) - update Byte Buddy or set net.bytebuddy.experimental as a VM property
	at net.bytebuddy.utility.OpenedClassReader.of(OpenedClassReader.java:96)
	at net.bytebuddy.pool.TypePool$Default.parse(TypePool.java:855)
	at net.bytebuddy.pool.TypePool$Default.doDescribe(TypePool.java:841)
	at net.bytebuddy.pool.TypePool$Default$WithLazyResolution.access$001(TypePool.java:921)
	at net.bytebuddy.pool.TypePool$Default$WithLazyResolution.doResolve(TypePool.java:1019)
	at net.bytebuddy.pool.TypePool$Default$WithLazyResolution$LazyTypeDescription.delegate(TypePool.java:1088)
	at net.bytebuddy.description.type.TypeDescription$AbstractBase$OfSimpleType$WithDelegation.getEnclosingType(TypeDescription.java:8396)
	at net.bytebuddy.pool.TypePool$Default$LazyTypeDescription$GenericTypeToken$ForParameterizedType$LazyParameterizedType.getOwnerType(TypePool.java:5409)
	at net.bytebuddy.description.type.TypeDescription$Generic$Visitor$Substitutor.onParameterizedType(TypeDescription.java:1876)
	at net.bytebuddy.description.type.TypeDescription$Generic$Visitor$Substitutor$ForDetachment.onParameterizedType(TypeDescription.java:2049)
	at net.bytebuddy.description.type.TypeDescription$Generic$OfParameterizedType.accept(TypeDescription.java:5057)
	at net.bytebuddy.description.type.TypeDescription$Generic$LazyProjection.accept(TypeDescription.java:6220)
	at net.bytebuddy.description.field.FieldDescription$AbstractBase.asToken(FieldDescription.java:195)
	at net.bytebuddy.description.field.FieldDescription$AbstractBase.asToken(FieldDescription.java:118)
	at net.bytebuddy.description.field.FieldList$AbstractBase.asTokenList(FieldList.java:64)
	at net.bytebuddy.dynamic.scaffold.InstrumentedType$Factory$Default$1.represent(InstrumentedType.java:436)
	at net.bytebuddy.ByteBuddy.redefine(ByteBuddy.java:886)
	at org.hibernate.bytecode.enhance.internal.bytebuddy.EnhancerImpl.lambda$enhance$0(EnhancerImpl.java:133)
	at org.hibernate.bytecode.internal.bytebuddy.ByteBuddyState.rewrite(ByteBuddyState.java:145)
	at org.hibernate.bytecode.enhance.internal.bytebuddy.EnhancerImpl.enhance(EnhancerImpl.java:132)
	... 13 more

