<?xml version="1.0" encoding="UTF-8"?>
<testsuite xmlns:xsi="http://www.w3.org/2001/XMLSchema-instance" xsi:noNamespaceSchemaLocation="https://maven.apache.org/surefire/maven-surefire-plugin/xsd/surefire-test-report-3.0.xsd" version="3.0" name="ch.zli.m223.EntryResourceTest" time="0.215" tests="4" errors="0" skipped="0" failures="0">
  <properties>
[...]
</properties>
  <testcase name="testPostEndpoint" classname="ch.zli.m223.EntryResourceTest" time="0.052">
    <system-out><![CDATA[hans@example.com
]]></system-out>
  </testcase>
  <testcase name="testDeleteEndpoint" classname="ch.zli.m223.EntryResourceTest" time="0.027">
    <system-out><![CDATA[hans@example.com
]]></system-out>
  </testcase>
  <testcase name="testIndexEndpoint" classname="ch.zli.m223.EntryResourceTest" time="0.057"/>
  <testcase name="testPutEndpoint" classname="ch.zli.m223.EntryResourceTest" time="0.067">
    <system-out><![CDATA[hans@example.com
hans@example.com
]]></system-out>
  </testcase>
</testsuite>